2024-07-28 11:02:48,474 [INFO] Activator:176 - 


2024-07-28 11:02:48,482 [INFO] Activator:177 - !SESSION log4j initialized
2024-07-28 11:02:53,898 [INFO] LogOutputStream:77 - [STDOUT_REDIRECT] 
2024-07-28 11:02:55,263 [INFO] ApplicationProperties:184 - Using Application install path: /home/talbanesi/st/stm32cubeide_1.16.0/plugins/com.st.stm32cube.common.mx_6.12.0.202406281431
2024-07-28 11:02:55,280 [INFO] DbMcusXml:78 - Set database path to: /home/talbanesi/st/stm32cubeide_1.16.0/plugins/com.st.stm32cube.common.mx_6.12.0.202406281431//db//mcu/
2024-07-28 11:02:55,280 [INFO] ApiDb:274 - Set plugin database path to: /home/talbanesi/st/stm32cubeide_1.16.0/plugins/com.st.stm32cube.common.mx_6.12.0.202406281431//db//plugins/boardmanager/
2024-07-28 11:02:55,281 [WARN] ApiDb:259 - Overriding images path with different value:  => /home/talbanesi/st/stm32cubeide_1.16.0/plugins/com.st.stm32cube.common.mx_6.12.0.202406281431//db//plugins/mcufinder/images/
2024-07-28 11:02:55,288 [INFO] ApiDb:250 - Set database path to: /home/talbanesi/.stmcufinder/plugins/mcufinder//mcu/
2024-07-28 11:02:55,289 [INFO] DbMcusAds:125 - Set database path to: /home/talbanesi/.stmcufinder/plugins/mcufinder//mcu/
2024-07-28 11:02:55,292 [INFO] CrossReferenceDbSqlite:203 - Set database path to: /home/talbanesi/.stmcufinder/plugins/mcufinder//mcu/cs/
2024-07-28 11:02:55,413 [INFO] RulesReader:64 - Compatibility file has been processed (297 Rules)
2024-07-28 11:02:55,481 [INFO] DbMcusXml:78 - Set database path to: /home/talbanesi/st/stm32cubeide_1.16.0/plugins/com.st.stm32cube.common.mx_6.12.0.202406281431//db//mcu/
2024-07-28 11:02:55,482 [INFO] ApiDb:274 - Set plugin database path to: /home/talbanesi/st/stm32cubeide_1.16.0/plugins/com.st.stm32cube.common.mx_6.12.0.202406281431//db//plugins/boardmanager/
2024-07-28 11:02:55,482 [INFO] ApiDb:261 - Set plugin images path to: /home/talbanesi/st/stm32cubeide_1.16.0/plugins/com.st.stm32cube.common.mx_6.12.0.202406281431//db//plugins/mcufinder/images/
2024-07-28 11:02:55,482 [WARN] DbFile:41 - Overriding database path with different value: /home/talbanesi/.stmcufinder/plugins/mcufinder/ => /home/talbanesi/.stmcufinder/plugins/mcufinder
2024-07-28 11:02:55,482 [INFO] ApiDb:250 - Set database path to: /home/talbanesi/.stmcufinder/plugins/mcufinder//mcu/
2024-07-28 11:02:55,482 [WARN] DbFile:41 - Overriding database path with different value: /home/talbanesi/.stmcufinder/plugins/mcufinder/ => /home/talbanesi/.stmcufinder/plugins/mcufinder
2024-07-28 11:02:55,482 [INFO] DbMcusAds:125 - Set database path to: /home/talbanesi/.stmcufinder/plugins/mcufinder//mcu/
2024-07-28 11:02:55,482 [WARN] DbFile:41 - Overriding database path with different value: /home/talbanesi/.stmcufinder/plugins/mcufinder/ => /home/talbanesi/.stmcufinder/plugins/mcufinder
2024-07-28 11:02:55,482 [WARN] DbFile:41 - Overriding database path with different value: /home/talbanesi/.stmcufinder/plugins/mcufinder/ => /home/talbanesi/.stmcufinder/plugins/mcufinder
2024-07-28 11:02:55,483 [INFO] CrossReferenceDbSqlite:203 - Set database path to: /home/talbanesi/.stmcufinder/plugins/mcufinder//mcu/cs/
2024-07-28 11:02:55,563 [INFO] MainPanel:268 - HeapMemory: 268435456
2024-07-28 11:02:55,680 [INFO] DbMcusXml:78 - Set database path to: /home/talbanesi/st/stm32cubeide_1.16.0/plugins/com.st.stm32cube.common.mx_6.12.0.202406281431//db//mcu/
2024-07-28 11:02:55,680 [INFO] ApiDb:274 - Set plugin database path to: /home/talbanesi/st/stm32cubeide_1.16.0/plugins/com.st.stm32cube.common.mx_6.12.0.202406281431//db//plugins/boardmanager/
2024-07-28 11:02:55,680 [INFO] ApiDb:261 - Set plugin images path to: /home/talbanesi/st/stm32cubeide_1.16.0/plugins/com.st.stm32cube.common.mx_6.12.0.202406281431//db//plugins/mcufinder/images/
2024-07-28 11:02:55,681 [WARN] DbFile:41 - Overriding database path with different value: /home/talbanesi/.stmcufinder/plugins/mcufinder/ => /home/talbanesi/.stmcufinder/plugins/mcufinder
2024-07-28 11:02:55,681 [INFO] ApiDb:250 - Set database path to: /home/talbanesi/.stmcufinder/plugins/mcufinder//mcu/
2024-07-28 11:02:55,681 [WARN] DbFile:41 - Overriding database path with different value: /home/talbanesi/.stmcufinder/plugins/mcufinder/ => /home/talbanesi/.stmcufinder/plugins/mcufinder
2024-07-28 11:02:55,681 [INFO] DbMcusAds:125 - Set database path to: /home/talbanesi/.stmcufinder/plugins/mcufinder//mcu/
2024-07-28 11:02:55,681 [WARN] DbFile:41 - Overriding database path with different value: /home/talbanesi/.stmcufinder/plugins/mcufinder/ => /home/talbanesi/.stmcufinder/plugins/mcufinder
2024-07-28 11:02:55,681 [WARN] DbFile:41 - Overriding database path with different value: /home/talbanesi/.stmcufinder/plugins/mcufinder/ => /home/talbanesi/.stmcufinder/plugins/mcufinder
2024-07-28 11:02:55,681 [INFO] CrossReferenceDbSqlite:203 - Set database path to: /home/talbanesi/.stmcufinder/plugins/mcufinder//mcu/cs/
2024-07-28 11:02:55,698 [INFO] ApplicationProperties:184 - Using Application install path: /home/talbanesi/st/stm32cubeide_1.16.0/plugins/com.st.stm32cube.common.mx_6.12.0.202406281431
2024-07-28 11:02:55,699 [INFO] PluginManage:196 - Search for loadable plugins [exclusion list=, ]
2024-07-28 11:02:55,701 [INFO] PluginManage:310 - Check plugin analytics
2024-07-28 11:02:55,865 [INFO] AnalyticsPlugin:253 - Accepted Software Licenses: 
2024-07-28 11:02:55,865 [INFO] AnalyticsPlugin:255 - Accepted CMSIS Pack Licenses: 
2024-07-28 11:02:55,865 [INFO] AnalyticsPlugin:257 - Accepted Firmware Licenses: FW.F4.1.28.0
2024-07-28 11:02:55,870 [INFO] PluginManage:359 - Loaded plugin analytics (category:tool,tabindex:-1)
2024-07-28 11:02:55,870 [INFO] PluginManage:310 - Check plugin cadmodel
2024-07-28 11:02:55,876 [INFO] CADModel:105 - Init CAD model plugin
2024-07-28 11:02:55,877 [INFO] PluginManage:359 - Loaded plugin cadmodel (category:power,tabindex:5)
2024-07-28 11:02:55,877 [INFO] PluginManage:310 - Check plugin clock
2024-07-28 11:02:55,888 [INFO] PluginManage:359 - Loaded plugin clock (category:base,tabindex:2)
2024-07-28 11:02:55,888 [INFO] PluginManage:310 - Check plugin ddr
2024-07-28 11:02:55,891 [INFO] PluginManage:359 - Loaded plugin ddr (category:tool,tabindex:6)
2024-07-28 11:02:55,891 [INFO] PluginManage:310 - Check plugin filemanager
2024-07-28 11:02:56,052 [INFO] PluginManage:359 - Loaded plugin filemanager (category:base,tabindex:10)
2024-07-28 11:02:56,052 [INFO] PluginManage:310 - Check plugin ipmanager
2024-07-28 11:02:56,057 [INFO] PluginManage:359 - Loaded plugin ipmanager (category:base,tabindex:5)
2024-07-28 11:02:56,057 [INFO] PluginManage:310 - Check plugin lpbam
2024-07-28 11:02:56,067 [INFO] PluginManage:359 - Loaded plugin lpbam (category:base,tabindex:0)
2024-07-28 11:02:56,067 [INFO] PluginManage:310 - Check plugin memorymap
2024-07-28 11:02:56,077 [INFO] PluginManage:359 - Loaded plugin memorymap (category:base,tabindex:4)
2024-07-28 11:02:56,078 [INFO] PluginManage:310 - Check plugin pinoutandconfiguration
2024-07-28 11:02:56,085 [INFO] PluginManage:359 - Loaded plugin pinoutandconfiguration (category:base,tabindex:1)
2024-07-28 11:02:56,085 [INFO] PluginManage:310 - Check plugin pinoutconfig
2024-07-28 11:02:56,187 [WARN] SupportedApi:132 - Cannot load RTOS API schema: s4s-elt-must-match.1: The content of 'definitions' must match (annotation?, (simpleType | complexType)?, (unique | key | keyref)*)). A problem was found starting at: attribute.
2024-07-28 11:02:56,345 [INFO] PluginManage:359 - Loaded plugin pinoutconfig (category:base,tabindex:0)
2024-07-28 11:02:56,346 [INFO] PluginManage:310 - Check plugin power
2024-07-28 11:02:56,357 [INFO] PluginManage:359 - Loaded plugin power (category:power,tabindex:4)
2024-07-28 11:02:56,358 [INFO] PluginManage:310 - Check plugin projectmanager
2024-07-28 11:02:56,377 [INFO] PluginManage:359 - Loaded plugin projectmanager (category:projectmanager,tabindex:4)
2024-07-28 11:02:56,378 [INFO] PluginManage:310 - Check plugin rif
2024-07-28 11:02:56,384 [INFO] PluginManage:359 - Loaded plugin rif (category:base,tabindex:3)
2024-07-28 11:02:56,385 [INFO] PluginManage:310 - Check plugin thirdparty
2024-07-28 11:02:56,506 [INFO] PluginManage:359 - Loaded plugin thirdparty (category:base,tabindex:-1)
2024-07-28 11:02:56,505 [WARN] IntegrityCheckThread:84 - waiting for thirdparty lock release [integrity check]
2024-07-28 11:02:56,506 [INFO] IntegrityCheckThread:86 - entering critical section [integrity check]
2024-07-28 11:02:56,506 [INFO] PluginManage:310 - Check plugin tools
2024-07-28 11:02:56,507 [INFO] ThirdPartyUpdaterWithRetryManager:70 - Updater plugin not ready yet. [1/15]
2024-07-28 11:02:56,510 [INFO] PluginManage:359 - Loaded plugin tools (category:base,tabindex:7)
2024-07-28 11:02:56,510 [INFO] PluginManage:310 - Check plugin tutovideos
2024-07-28 11:02:56,668 [INFO] PluginManage:359 - Loaded plugin tutovideos (category:base,tabindex:-1)
2024-07-28 11:02:56,669 [INFO] PluginManage:310 - Check plugin updater
2024-07-28 11:02:56,699 [INFO] PluginManage:359 - Loaded plugin updater (category:base,tabindex:12)
2024-07-28 11:02:56,699 [INFO] PluginManage:310 - Check plugin userauth
2024-07-28 11:02:56,706 [INFO] UserAuth:113 - Init User Auth plugin
2024-07-28 11:02:56,707 [INFO] PluginManage:359 - Loaded plugin userauth (category:base,tabindex:14)
2024-07-28 11:02:56,707 [INFO] PluginManage:283 - PluginManage : Loaded plugins [18]
2024-07-28 11:02:56,911 [INFO] PinOutPanel:1561 - setPackage(No Configuration,No Configuration)
2024-07-28 11:02:57,081 [INFO] CADModel:165 - CPN selected for project level
2024-07-28 11:02:57,082 [INFO] CADModel:114 - Register for checkConnection events
2024-07-28 11:02:57,095 [INFO] IPUIPlugin:80 - create IPUIPlugin
2024-07-28 11:02:57,095 [INFO] PluginManager:220 - loadIPPluginJar : add freertos
2024-07-28 11:02:57,097 [INFO] IPUIPlugin:80 - create IPUIPlugin
2024-07-28 11:02:57,097 [INFO] PluginManager:220 - loadIPPluginJar : add comp
2024-07-28 11:02:57,101 [INFO] IPUIPlugin:80 - create IPUIPlugin
2024-07-28 11:02:57,101 [INFO] PluginManager:220 - loadIPPluginJar : add gfxmmu
2024-07-28 11:02:57,106 [INFO] IPUIPlugin:80 - create IPUIPlugin
2024-07-28 11:02:57,106 [INFO] PluginManager:220 - loadIPPluginJar : add gic
2024-07-28 11:02:57,108 [INFO] IPUIPlugin:80 - create IPUIPlugin
2024-07-28 11:02:57,108 [INFO] PluginManager:220 - loadIPPluginJar : add aes
2024-07-28 11:02:57,110 [INFO] IPUIPlugin:80 - create IPUIPlugin
2024-07-28 11:02:57,110 [INFO] PluginManager:220 - loadIPPluginJar : add spi
2024-07-28 11:02:57,113 [INFO] IPUIPlugin:80 - create IPUIPlugin
2024-07-28 11:02:57,113 [INFO] PluginManager:220 - loadIPPluginJar : add i2s
2024-07-28 11:02:57,114 [INFO] IPUIPlugin:80 - create IPUIPlugin
2024-07-28 11:02:57,115 [INFO] PluginManager:220 - loadIPPluginJar : add tracer_emb
2024-07-28 11:02:57,117 [INFO] IPUIPlugin:80 - create IPUIPlugin
2024-07-28 11:02:57,117 [INFO] PluginManager:220 - loadIPPluginJar : add usbx
2024-07-28 11:02:57,123 [INFO] IPUIPlugin:80 - create IPUIPlugin
2024-07-28 11:02:57,125 [INFO] PluginManager:220 - loadIPPluginJar : add plateformsettings
2024-07-28 11:02:57,131 [INFO] IPUIPlugin:80 - create IPUIPlugin
2024-07-28 11:02:57,131 [INFO] PluginManager:220 - loadIPPluginJar : add stm32_wpan
2024-07-28 11:02:57,133 [INFO] IPUIPlugin:80 - create IPUIPlugin
2024-07-28 11:02:57,134 [INFO] PluginManager:220 - loadIPPluginJar : add i2c
2024-07-28 11:02:57,136 [INFO] IPUIPlugin:80 - create IPUIPlugin
2024-07-28 11:02:57,136 [INFO] PluginManager:220 - loadIPPluginJar : add can
2024-07-28 11:02:57,137 [INFO] IPUIPlugin:80 - create IPUIPlugin
2024-07-28 11:02:57,138 [INFO] PluginManager:220 - loadIPPluginJar : add tsc
2024-07-28 11:02:57,141 [INFO] IPUIPlugin:80 - create IPUIPlugin
2024-07-28 11:02:57,141 [INFO] PluginManager:220 - loadIPPluginJar : add ipddr
2024-07-28 11:02:57,144 [INFO] IPUIPlugin:80 - create IPUIPlugin
2024-07-28 11:02:57,145 [INFO] PluginManager:220 - loadIPPluginJar : add nvic
2024-07-28 11:02:57,147 [INFO] IPUIPlugin:80 - create IPUIPlugin
2024-07-28 11:02:57,148 [INFO] PluginManager:220 - loadIPPluginJar : add opamp
2024-07-28 11:02:57,150 [INFO] IPUIPlugin:80 - create IPUIPlugin
2024-07-28 11:02:57,151 [INFO] PluginManager:220 - loadIPPluginJar : add ddr_ctrl_phy
2024-07-28 11:02:57,155 [INFO] IPUIPlugin:80 - create IPUIPlugin
2024-07-28 11:02:57,155 [INFO] PluginManager:220 - loadIPPluginJar : add gpio
2024-07-28 11:02:57,158 [INFO] IPUIPlugin:80 - create IPUIPlugin
2024-07-28 11:02:57,158 [INFO] PluginManager:220 - loadIPPluginJar : add gtzc
2024-07-28 11:02:57,161 [INFO] IPUIPlugin:80 - create IPUIPlugin
2024-07-28 11:02:57,161 [INFO] PluginManager:220 - loadIPPluginJar : add usart
2024-07-28 11:02:57,167 [INFO] IPUIPlugin:80 - create IPUIPlugin
2024-07-28 11:02:57,167 [INFO] PluginManager:220 - loadIPPluginJar : add mdma
2024-07-28 11:02:57,169 [INFO] IPUIPlugin:80 - create IPUIPlugin
2024-07-28 11:02:57,170 [INFO] PluginManager:220 - loadIPPluginJar : add extmemmanager
2024-07-28 11:02:57,172 [INFO] IPUIPlugin:80 - create IPUIPlugin
2024-07-28 11:02:57,173 [INFO] PluginManager:220 - loadIPPluginJar : add sai
2024-07-28 11:02:57,174 [INFO] IPUIPlugin:80 - create IPUIPlugin
2024-07-28 11:02:57,175 [INFO] PluginManager:220 - loadIPPluginJar : add ts
2024-07-28 11:02:57,176 [INFO] IPUIPlugin:80 - create IPUIPlugin
2024-07-28 11:02:57,176 [INFO] PluginManager:220 - loadIPPluginJar : add genericplugin
2024-07-28 11:02:57,178 [INFO] IPUIPlugin:80 - create IPUIPlugin
2024-07-28 11:02:57,178 [INFO] PluginManager:220 - loadIPPluginJar : add tim
2024-07-28 11:02:57,180 [INFO] IPUIPlugin:80 - create IPUIPlugin
2024-07-28 11:02:57,180 [INFO] PluginManager:220 - loadIPPluginJar : add fatfs
2024-07-28 11:02:57,181 [INFO] IPUIPlugin:80 - create IPUIPlugin
2024-07-28 11:02:57,182 [INFO] PluginManager:220 - loadIPPluginJar : add quadspi
2024-07-28 11:02:57,185 [INFO] IPUIPlugin:80 - create IPUIPlugin
2024-07-28 11:02:57,185 [INFO] PluginManager:220 - loadIPPluginJar : add resmgrutility
2024-07-28 11:02:57,187 [INFO] IPUIPlugin:80 - create IPUIPlugin
2024-07-28 11:02:57,187 [INFO] PluginManager:220 - loadIPPluginJar : add ltdc
2024-07-28 11:02:57,192 [INFO] IPUIPlugin:80 - create IPUIPlugin
2024-07-28 11:02:57,192 [INFO] PluginManager:220 - loadIPPluginJar : add fmc
2024-07-28 11:02:57,195 [INFO] IPUIPlugin:80 - create IPUIPlugin
2024-07-28 11:02:57,195 [INFO] PluginManager:220 - loadIPPluginJar : add openamp
2024-07-28 11:02:57,201 [INFO] IPUIPlugin:80 - create IPUIPlugin
2024-07-28 11:02:57,201 [INFO] PluginManager:220 - loadIPPluginJar : add dma
2024-07-28 11:02:57,204 [INFO] IPUIPlugin:80 - create IPUIPlugin
2024-07-28 11:02:57,204 [INFO] PluginManager:220 - loadIPPluginJar : add lorawan
2024-07-28 11:02:57,206 [INFO] IPUIPlugin:80 - create IPUIPlugin
2024-07-28 11:02:57,207 [INFO] PluginManager:220 - loadIPPluginJar : add cryp
2024-07-28 11:02:57,213 [INFO] IPUIPlugin:80 - create IPUIPlugin
2024-07-28 11:02:57,213 [INFO] PluginManager:220 - loadIPPluginJar : add adc
2024-07-28 11:02:57,221 [INFO] IPUIPlugin:80 - create IPUIPlugin
2024-07-28 11:02:57,221 [INFO] PluginManager:220 - loadIPPluginJar : add linkedlist
2024-07-28 11:02:57,223 [INFO] IPUIPlugin:80 - create IPUIPlugin
2024-07-28 11:02:57,223 [INFO] PluginManager:220 - loadIPPluginJar : add ucpd
2024-07-28 11:02:57,226 [INFO] IPUIPlugin:80 - create IPUIPlugin
2024-07-28 11:02:57,226 [INFO] PluginManager:220 - loadIPPluginJar : add pdm2pcm
2024-07-28 11:02:57,229 [INFO] IPUIPlugin:80 - create IPUIPlugin
2024-07-28 11:02:57,229 [INFO] PluginManager:220 - loadIPPluginJar : add i3c
2024-07-28 11:02:57,232 [INFO] IPUIPlugin:80 - create IPUIPlugin
2024-07-28 11:02:57,232 [INFO] PluginManager:220 - loadIPPluginJar : add dma3
2024-07-28 11:02:57,235 [INFO] IPUIPlugin:80 - create IPUIPlugin
2024-07-28 11:02:57,235 [INFO] PluginManager:220 - loadIPPluginJar : add dfsdm
2024-07-28 11:02:57,238 [INFO] IPUIPlugin:80 - create IPUIPlugin
2024-07-28 11:02:57,238 [INFO] PluginManager:220 - loadIPPluginJar : add hash
2024-07-28 11:02:57,240 [INFO] IPUIPlugin:80 - create IPUIPlugin
2024-07-28 11:02:57,241 [INFO] PluginManager:220 - loadIPPluginJar : add radio
2024-07-28 11:02:57,245 [INFO] IPUIPlugin:80 - create IPUIPlugin
2024-07-28 11:02:57,245 [INFO] PluginManager:220 - loadIPPluginJar : add touchsensing
2024-07-28 11:02:57,356 [INFO] CADModel:165 - CPN selected for project level
2024-07-28 11:02:57,356 [INFO] CADModel:114 - Register for checkConnection events
2024-07-28 11:02:57,356 [FATAL] Updater:334 - Updater called before beeing initialized
2024-07-28 11:02:57,356 [ERROR] CADModel:125 - Updater not yet initialized, retry later 
2024-07-28 11:02:57,493 [INFO] CADModel:165 - CPN selected for project level
2024-07-28 11:02:57,493 [INFO] CADModel:114 - Register for checkConnection events
2024-07-28 11:02:57,493 [FATAL] Updater:334 - Updater called before beeing initialized
2024-07-28 11:02:57,493 [ERROR] CADModel:125 - Updater not yet initialized, retry later 
2024-07-28 11:02:57,496 [FATAL] Updater:334 - Updater called before beeing initialized
2024-07-28 11:02:57,593 [FATAL] Updater:334 - Updater called before beeing initialized
2024-07-28 11:02:57,599 [INFO] DbMcusAds:53 - JSON generation date=Thu May 16 06:22:00 ART 2024 (1715851320667)
2024-07-28 11:02:57,599 [FATAL] Updater:334 - Updater called before beeing initialized
2024-07-28 11:02:57,640 [WARN] DetailPanel:346 - Failed to get advertising image, set to default
2024-07-28 11:02:57,727 [FATAL] Updater:334 - Updater called before beeing initialized
2024-07-28 11:02:57,729 [FATAL] Updater:334 - Updater called before beeing initialized
2024-07-28 11:02:57,729 [FATAL] Updater:334 - Updater called before beeing initialized
2024-07-28 11:02:57,729 [WARN] DetailPanel:346 - Failed to get advertising image, set to default
2024-07-28 11:02:57,730 [FATAL] Updater:334 - Updater called before beeing initialized
2024-07-28 11:02:57,765 [ERROR] Updater:1164 - MainUpdater not yet initialized. External WinMGr cannot be set.
2024-07-28 11:02:57,767 [INFO] Updater:1100 - Updater Version found : 6.12.0
2024-07-28 11:02:57,787 [INFO] ApplicationProperties:184 - Using Application install path: /home/talbanesi/st/stm32cubeide_1.16.0/plugins/com.st.stm32cube.common.mx_6.12.0.202406281431
2024-07-28 11:02:58,386 [INFO] MainUpdater:2873 - connection check result : 10
2024-07-28 11:02:58,387 [INFO] MainUpdater:290 - Updater Check For Update Now.
2024-07-28 11:02:58,388 [INFO] MicroXplorer:498 - Change Database Version : DB.6.0.120
2024-07-28 11:02:58,399 [INFO] McuFinderGlobals:63 - Set McuFinder mode to 2 (CubeIDE integrated)
2024-07-28 11:02:58,400 [INFO] UserAuth:179 - activating auth plugin
2024-07-28 11:02:58,406 [INFO] UserAuth:417 - Internet connection configuration mode: 1
2024-07-28 11:02:58,436 [INFO] JxBrowserEngine:152 - Initiate JxBrowser Engine with user profile folder
2024-07-28 11:02:58,597 [INFO] CheckServerUpdateThread:120 - End of CheckServer Thread
2024-07-28 11:02:59,421 [INFO] WebApp:167 - Instantiating new browser for Auth
2024-07-28 11:02:59,665 [WARN] PackLoader:240 - Cannot read IP mode file for STMicroelectronics.FP-SNS-MOTENVWB1.1.4.0
2024-07-28 11:02:59,687 [WARN] PackLoader:240 - Cannot read IP mode file for STMicroelectronics.X-CUBE-SMBUS.2.1.0
2024-07-28 11:02:59,757 [WARN] PackLoader:240 - Cannot read IP mode file for STMicroelectronics.X-CUBE-AZRTOS-F7.1.1.0
2024-07-28 11:02:59,777 [WARN] PackLoader:240 - Cannot read IP mode file for STMicroelectronics.FP-SNS-FLIGHT1.5.0.2
2024-07-28 11:02:59,801 [WARN] PackLoader:240 - Cannot read IP mode file for STMicroelectronics.X-CUBE-DISPLAY.3.0.0
2024-07-28 11:02:59,832 [WARN] PackLoader:240 - Cannot read IP mode file for STMicroelectronics.X-CUBE-BLE1.7.0.0
2024-07-28 11:02:59,841 [WARN] PackLoader:240 - Cannot read IP mode file for emotas.I-CUBE-CANOPEN.1.3.0
2024-07-28 11:02:59,857 [WARN] PackLoader:240 - Cannot read IP mode file for STMicroelectronics.X-CUBE-BLEMGR.3.1.0
2024-07-28 11:02:59,868 [WARN] PackLoader:240 - Cannot read IP mode file for STMicroelectronics.FP-SNS-SMARTAG2.1.2.0
2024-07-28 11:02:59,883 [INFO] LogOutputStream:77 - [STDOUT_REDIRECT] 1 : Invalid condition id : UX_CORESTACK_Condition cause : null
2024-07-28 11:02:59,884 [INFO] LogOutputStream:77 - [STDOUT_REDIRECT] 1 : Invalid condition id : UX_CORESTACK_Condition cause : null
2024-07-28 11:02:59,885 [INFO] LogOutputStream:77 - [STDOUT_REDIRECT] 1 : Invalid condition id : UX_CORESTACK_Condition cause : null
2024-07-28 11:02:59,886 [INFO] LogOutputStream:77 - [STDOUT_REDIRECT] 1 : Invalid condition id : UX_CORESTACK_Condition cause : null
2024-07-28 11:02:59,886 [INFO] LogOutputStream:77 - [STDOUT_REDIRECT] 1 : Invalid condition id : UX_CORESTACK_Condition cause : null
2024-07-28 11:02:59,895 [WARN] PackLoader:240 - Cannot read IP mode file for STMicroelectronics.X-CUBE-AZRTOS-WL.2.0.0
2024-07-28 11:02:59,905 [WARN] PackLoader:240 - Cannot read IP mode file for STMicroelectronics.FP-SNS-MOTENV1.5.0.0
2024-07-28 11:02:59,941 [WARN] PackLoader:240 - Cannot read IP mode file for wolfSSL.I-CUBE-wolfMQTT.1.19.0
2024-07-28 11:02:59,958 [WARN] PackLoader:240 - Cannot read IP mode file for WES.I-CUBE-Cesium.1.3.0
2024-07-28 11:02:59,967 [WARN] PackLoader:240 - Cannot read IP mode file for STMicroelectronics.X-CUBE-BLE2.3.3.0
2024-07-28 11:02:59,980 [WARN] PackLoader:240 - Cannot read IP mode file for STMicroelectronics.X-CUBE-TCPP.4.1.0
2024-07-28 11:03:00,015 [WARN] PackLoader:240 - Cannot read IP mode file for STMicroelectronics.X-CUBE-AZRTOS-G0.1.1.0
2024-07-28 11:03:00,030 [WARN] PackLoader:240 - Cannot read IP mode file for STMicroelectronics.X-CUBE-SAFEA1.1.2.2
2024-07-28 11:03:00,040 [WARN] PackLoader:240 - Cannot read IP mode file for STMicroelectronics.X-CUBE-NFC4.3.0.0
2024-07-28 11:03:00,058 [WARN] PackLoader:240 - Cannot read IP mode file for EmbeddedOffice.I-CUBE-FS-RTOS.1.0.1
2024-07-28 11:03:00,059 [ERROR] ConditionMgr:805 - Attr not supported : Dmpu
2024-07-28 11:03:00,059 [ERROR] ConditionMgr:805 - Attr not supported : Dmpu
2024-07-28 11:03:00,059 [ERROR] ConditionMgr:805 - Attr not supported : Dmpu
2024-07-28 11:03:00,059 [ERROR] ConditionMgr:805 - Attr not supported : Dmpu
2024-07-28 11:03:00,059 [ERROR] ConditionMgr:805 - Attr not supported : Dmpu
2024-07-28 11:03:00,059 [ERROR] ConditionMgr:805 - Attr not supported : Dmpu
2024-07-28 11:03:00,059 [ERROR] ConditionMgr:805 - Attr not supported : Dmpu
2024-07-28 11:03:00,060 [ERROR] ConditionMgr:805 - Attr not supported : Dmpu
2024-07-28 11:03:00,060 [ERROR] ConditionMgr:805 - Attr not supported : Dmpu
2024-07-28 11:03:00,060 [ERROR] ConditionMgr:805 - Attr not supported : Dmpu
2024-07-28 11:03:00,060 [ERROR] ConditionMgr:805 - Attr not supported : Dmpu
2024-07-28 11:03:00,060 [ERROR] ConditionMgr:805 - Attr not supported : Dmpu
2024-07-28 11:03:00,060 [ERROR] ConditionMgr:805 - Attr not supported : Dmpu
2024-07-28 11:03:00,060 [ERROR] ConditionMgr:805 - Attr not supported : Dmpu
2024-07-28 11:03:00,060 [ERROR] ConditionMgr:805 - Attr not supported : Dmpu
2024-07-28 11:03:00,061 [ERROR] ConditionMgr:805 - Attr not supported : Dmpu
2024-07-28 11:03:00,061 [ERROR] ConditionMgr:805 - Attr not supported : Dmpu
2024-07-28 11:03:00,061 [ERROR] ConditionMgr:805 - Attr not supported : Dmpu
2024-07-28 11:03:00,061 [ERROR] ConditionMgr:805 - Attr not supported : Dmpu
2024-07-28 11:03:00,061 [ERROR] ConditionMgr:805 - Attr not supported : Dmpu
2024-07-28 11:03:00,061 [ERROR] ConditionMgr:805 - Attr not supported : Dmpu
2024-07-28 11:03:00,061 [ERROR] ConditionMgr:805 - Attr not supported : Dmpu
2024-07-28 11:03:00,061 [ERROR] ConditionMgr:805 - Attr not supported : Dmpu
2024-07-28 11:03:00,061 [ERROR] ConditionMgr:805 - Attr not supported : Dmpu
2024-07-28 11:03:00,062 [ERROR] ConditionMgr:805 - Attr not supported : Dmpu
2024-07-28 11:03:00,062 [ERROR] ConditionMgr:805 - Attr not supported : Dmpu
2024-07-28 11:03:00,062 [ERROR] ConditionMgr:805 - Attr not supported : Dmpu
2024-07-28 11:03:00,062 [ERROR] ConditionMgr:805 - Attr not supported : Dmpu
2024-07-28 11:03:00,062 [ERROR] ConditionMgr:805 - Attr not supported : Dmpu
2024-07-28 11:03:00,062 [ERROR] ConditionMgr:805 - Attr not supported : Dmpu
2024-07-28 11:03:00,062 [ERROR] ConditionMgr:805 - Attr not supported : Dmpu
2024-07-28 11:03:00,063 [ERROR] ConditionMgr:805 - Attr not supported : Dmpu
2024-07-28 11:03:00,063 [ERROR] ConditionMgr:805 - Attr not supported : Dmpu
2024-07-28 11:03:00,063 [ERROR] ConditionMgr:805 - Attr not supported : Dmpu
2024-07-28 11:03:00,063 [ERROR] ConditionMgr:805 - Attr not supported : Dmpu
2024-07-28 11:03:00,063 [ERROR] ConditionMgr:805 - Attr not supported : Dmpu
2024-07-28 11:03:00,064 [ERROR] ConditionMgr:805 - Attr not supported : Dmpu
2024-07-28 11:03:00,064 [ERROR] ConditionMgr:805 - Attr not supported : Dmpu
2024-07-28 11:03:00,064 [ERROR] ConditionMgr:805 - Attr not supported : Dmpu
2024-07-28 11:03:00,064 [ERROR] ConditionMgr:805 - Attr not supported : Dmpu
2024-07-28 11:03:00,064 [ERROR] ConditionMgr:805 - Attr not supported : Dmpu
2024-07-28 11:03:00,064 [ERROR] ConditionMgr:805 - Attr not supported : Dmpu
2024-07-28 11:03:00,064 [ERROR] ConditionMgr:805 - Attr not supported : Dmpu
2024-07-28 11:03:00,065 [ERROR] ConditionMgr:805 - Attr not supported : Dmpu
2024-07-28 11:03:00,065 [ERROR] ConditionMgr:805 - Attr not supported : Dmpu
2024-07-28 11:03:00,065 [ERROR] ConditionMgr:805 - Attr not supported : Dmpu
2024-07-28 11:03:00,065 [ERROR] ConditionMgr:805 - Attr not supported : Dmpu
2024-07-28 11:03:00,065 [ERROR] ConditionMgr:805 - Attr not supported : Dmpu
2024-07-28 11:03:00,065 [ERROR] ConditionMgr:805 - Attr not supported : Dmpu
2024-07-28 11:03:00,065 [ERROR] ConditionMgr:805 - Attr not supported : Dmpu
2024-07-28 11:03:00,066 [ERROR] ConditionMgr:805 - Attr not supported : Dmpu
2024-07-28 11:03:00,066 [ERROR] ConditionMgr:805 - Attr not supported : Dmpu
2024-07-28 11:03:00,066 [ERROR] ConditionMgr:805 - Attr not supported : Dmpu
2024-07-28 11:03:00,066 [ERROR] ConditionMgr:805 - Attr not supported : Dmpu
2024-07-28 11:03:00,066 [ERROR] ConditionMgr:805 - Attr not supported : Dmpu
2024-07-28 11:03:00,066 [ERROR] ConditionMgr:805 - Attr not supported : Dmpu
2024-07-28 11:03:00,066 [ERROR] ConditionMgr:805 - Attr not supported : Dmpu
2024-07-28 11:03:00,067 [ERROR] ConditionMgr:805 - Attr not supported : Dmpu
2024-07-28 11:03:00,067 [ERROR] ConditionMgr:805 - Attr not supported : Dmpu
2024-07-28 11:03:00,067 [ERROR] ConditionMgr:805 - Attr not supported : Dmpu
2024-07-28 11:03:00,067 [ERROR] ConditionMgr:805 - Attr not supported : Dmpu
2024-07-28 11:03:00,067 [ERROR] ConditionMgr:805 - Attr not supported : Dmpu
2024-07-28 11:03:00,067 [ERROR] ConditionMgr:805 - Attr not supported : Dmpu
2024-07-28 11:03:00,068 [ERROR] ConditionMgr:805 - Attr not supported : Dmpu
2024-07-28 11:03:00,075 [WARN] PackLoader:240 - Cannot read IP mode file for RealThread.X-CUBE-RT-Thread_Nano.4.1.1
2024-07-28 11:03:00,082 [WARN] PackLoader:240 - Cannot read IP mode file for STMicroelectronics.FP-ATR-SIGFOX1.3.2.0
2024-07-28 11:03:00,088 [WARN] PackLoader:240 - Cannot read IP mode file for wolfSSL.I-CUBE-wolfSSL.5.7.2
2024-07-28 11:03:00,096 [WARN] PackLoader:240 - Cannot read IP mode file for STMicroelectronics.X-CUBE-EEPRMA1.5.1.0
2024-07-28 11:03:00,107 [WARN] PackLoader:240 - Cannot read IP mode file for ITTIA_DB.I-CUBE-ITTIADB.8.9.0
2024-07-28 11:03:00,155 [WARN] PackLoader:240 - Cannot read IP mode file for SEGGER.I-CUBE-embOS.1.3.1
2024-07-28 11:03:00,247 [WARN] PackLoader:240 - Cannot read IP mode file for STMicroelectronics.X-CUBE-ALGOBUILD.1.4.0
2024-07-28 11:03:00,258 [WARN] PackLoader:240 - Cannot read IP mode file for STMicroelectronics.X-CUBE-GNSS1.6.0.0
2024-07-28 11:03:00,288 [WARN] PackLoader:240 - Cannot read IP mode file for STMicroelectronics.X-CUBE-AZRTOS-F4.1.1.0
2024-07-28 11:03:00,301 [WARN] PackLoader:240 - Cannot read IP mode file for STMicroelectronics.X-CUBE-FREERTOS.1.2.0
2024-07-28 11:03:00,333 [WARN] PackLoader:240 - Cannot read IP mode file for STMicroelectronics.X-CUBE-AZRTOS-L5.2.0.0
2024-07-28 11:03:00,348 [WARN] PackLoader:240 - Cannot read IP mode file for STMicroelectronics.X-CUBE-NFC6.3.1.0
2024-07-28 11:03:00,358 [WARN] PackLoader:240 - Cannot read IP mode file for STMicroelectronics.X-CUBE-AI.9.0.0
2024-07-28 11:03:00,365 [WARN] PackLoader:240 - Cannot read IP mode file for STMicroelectronics.X-CUBE-NFC7.1.0.1
2024-07-28 11:03:00,371 [WARN] PackLoader:240 - Cannot read IP mode file for wolfSSL.I-CUBE-wolfTPM.3.2.0
2024-07-28 11:03:00,417 [WARN] ConditionMgr:438 - getConditionDescription Invalid condition id : LAN8742 Phy interface Condition cause : null
2024-07-28 11:03:00,418 [WARN] PackLoader:240 - Cannot read IP mode file for STMicroelectronics.X-CUBE-AZRTOS-L4.2.0.0
2024-07-28 11:03:00,421 [WARN] ConditionMgr:1039 - genDependencies : Invalid condition id : LAN8742 Phy interface Condition cause : null
2024-07-28 11:03:00,421 [WARN] ConditionMgr:1039 - genDependencies : Invalid condition id : LAN8742 Phy interface Condition cause : null
2024-07-28 11:03:00,423 [WARN] ConditionMgr:1039 - genDependencies : Invalid condition id : LAN8742 Phy interface Condition cause : null
2024-07-28 11:03:00,435 [WARN] PackLoader:240 - Cannot read IP mode file for STMicroelectronics.X-CUBE-SFXS2LP1.4.0.0
2024-07-28 11:03:00,458 [WARN] ConditionMgr:438 - getConditionDescription Invalid condition id : UX DEVICE CLASS RTOS Condition cause : null
2024-07-28 11:03:00,459 [WARN] ConditionMgr:438 - getConditionDescription Invalid condition id : UX DEVICE CLASS RTOS Condition cause : null
2024-07-28 11:03:00,463 [WARN] PackLoader:240 - Cannot read IP mode file for STMicroelectronics.X-CUBE-AZRTOS-WB.2.0.0
2024-07-28 11:03:00,464 [WARN] ConditionMgr:1039 - genDependencies : Invalid condition id : UX DEVICE CLASS RTOS Condition cause : null
2024-07-28 11:03:00,464 [WARN] ConditionMgr:1039 - genDependencies : Invalid condition id : UX DEVICE CLASS RTOS Condition cause : null
2024-07-28 11:03:00,465 [WARN] ConditionMgr:1039 - genDependencies : Invalid condition id : UX DEVICE CLASS RTOS Condition cause : null
2024-07-28 11:03:00,466 [WARN] ConditionMgr:1039 - genDependencies : Invalid condition id : UX DEVICE CLASS RTOS Condition cause : null
2024-07-28 11:03:00,467 [WARN] ConditionMgr:1039 - genDependencies : Invalid condition id : UX DEVICE CLASS RTOS Condition cause : null
2024-07-28 11:03:00,478 [WARN] PackLoader:240 - Cannot read IP mode file for STMicroelectronics.FP-SNS-STBOX1.2.0.0
2024-07-28 11:03:00,498 [WARN] PackLoader:240 - Cannot read IP mode file for STMicroelectronics.X-CUBE-SUBG2.5.0.0
2024-07-28 11:03:00,511 [WARN] PackLoader:240 - Cannot read IP mode file for Cesanta.I-CUBE-Mongoose.7.13.0
2024-07-28 11:03:00,526 [WARN] PackLoader:240 - Cannot read IP mode file for STMicroelectronics.X-CUBE-AZRTOS-G4.2.0.0
2024-07-28 11:03:00,532 [WARN] PackLoader:240 - Cannot read IP mode file for STMicroelectronics.X-CUBE-ISPU.2.0.0
2024-07-28 11:03:00,537 [WARN] PackLoader:240 - Cannot read IP mode file for STMicroelectronics.X-CUBE-ALS.1.0.2
2024-07-28 11:03:00,586 [WARN] PackLoader:240 - Cannot read IP mode file for STMicroelectronics.X-CUBE-MEMS1.10.0.0
2024-07-28 11:03:00,792 [WARN] PackLoader:240 - Cannot read IP mode file for portGmbH.I-Cube-SoM-uGOAL.1.1.0
2024-07-28 11:03:00,830 [WARN] PackLoader:240 - Cannot read IP mode file for STMicroelectronics.X-CUBE-AZRTOS-H7RS.1.0.0
2024-07-28 11:03:00,840 [WARN] PackLoader:240 - Cannot read IP mode file for STMicroelectronics.FP-ATR-ASTRA1.2.0.0
2024-07-28 11:03:00,867 [WARN] PackLoader:240 - Cannot read IP mode file for STMicroelectronics.X-CUBE-TOF1.3.4.1
2024-07-28 11:03:00,940 [WARN] PackLoader:240 - Cannot read IP mode file for STMicroelectronics.X-CUBE-AZRTOS-H7.3.2.0
2024-07-28 11:03:00,946 [INFO] WebApp:448 - Apply proxy settings
2024-07-28 11:03:00,947 [INFO] WebApp:533 - Chromium requires no authentication
2024-07-28 11:03:00,960 [INFO] WebApp:476 - Direct internet connection detected
2024-07-28 11:03:00,971 [WARN] PackLoader:240 - Cannot read IP mode file for Infineon.AIROC-Wi-Fi-Bluetooth-STM32.1.6.0
2024-07-28 11:03:00,985 [WARN] PackLoader:240 - Cannot read IP mode file for wolfSSL.I-CUBE-wolfSSH.1.4.17
2024-07-28 11:03:00,987 [INFO] ThirdParty:978 - Integrity check success = true
2024-07-28 11:03:00,987 [INFO] IntegrityCheckThread:100 - exiting critical section [integrity check]
2024-07-28 11:03:00,987 [INFO] IntegrityCheckThread:103 - End integrity checks thread
2024-07-28 11:03:01,000 [INFO] WebApp:869 - Register for checkConnection events
2024-07-28 11:03:01,001 [INFO] WebApp:448 - Apply proxy settings
2024-07-28 11:03:01,001 [INFO] WebApp:533 - Chromium requires no authentication
2024-07-28 11:03:01,002 [INFO] WebApp:476 - Direct internet connection detected
2024-07-28 11:03:01,328 [INFO] WebApp:220 - Starting web application
2024-07-28 11:03:01,329 [INFO] WebApp:578 - Web application path used /home/talbanesi/st/stm32cubeide_1.16.0/plugins/com.st.stm32cube.common.mx_6.12.0.202406281431/db/plugins/mcufinder/reactClient1/index.html
2024-07-28 11:03:01,898 [INFO] WebApp:186 - Connection restablished
2024-07-28 11:03:45,029 [ERROR] LogOutputStream:75 - [STDERR_REDIRECT] 
